This is pdfTeX, Version 3.141592653-2.6-1.40.24 (MiKTeX 23.1) (preloaded format=pdflatex 2023.2.27)  13 OCT 2023 13:58
entering extended mode
 restricted \write18 enabled.
 %&-line parsing enabled.
**C:/Users/dlaydon/AppData/Local/Temp/Rtmpu8ol6A/Rd2pdf681c18a3136a/Rd2.tex
(C:/Users/dlaydon/AppData/Local/Temp/Rtmpu8ol6A/Rd2pdf681c18a3136a/Rd2.tex
LaTeX2e <2022-11-01> patch level 1
L3 programming layer <2023-02-07>
(C:\Users\dlaydon\AppData\Local\Programs\MiKTeX\tex/latex/base\book.cls
Document Class: book 2022/07/02 v1.4n Standard LaTeX document class
(C:\Users\dlaydon\AppData\Local\Programs\MiKTeX\tex/latex/base\bk10.clo
File: bk10.clo 2022/07/02 v1.4n Standard LaTeX file (size option)
)
\c@part=\count185
\c@chapter=\count186
\c@section=\count187
\c@subsection=\count188
\c@subsubsection=\count189
\c@paragraph=\count190
\c@subparagraph=\count191
\c@figure=\count192
\c@table=\count193
\abovecaptionskip=\skip48
\belowcaptionskip=\skip49
\bibindent=\dimen140
)
(C:/PROGRA~1/R/R-42~1.1/share/texmf/tex/latex\Rd.sty
Package: Rd 

(C:\Users\dlaydon\AppData\Local\Programs\MiKTeX\tex/latex/base\ifthen.sty
Package: ifthen 2022/04/13 v1.1d Standard LaTeX ifthen package (DPC)
)
(C:\Users\dlaydon\AppData\Local\Programs\MiKTeX\tex/latex/tools\longtable.sty
Package: longtable 2021-09-01 v4.17 Multi-page Table package (DPC)
\LTleft=\skip50
\LTright=\skip51
\LTpre=\skip52
\LTpost=\skip53
\LTchunksize=\count194
\LTcapwidth=\dimen141
\LT@head=\box51
\LT@firsthead=\box52
\LT@foot=\box53
\LT@lastfoot=\box54
\LT@gbox=\box55
\LT@cols=\count195
\LT@rows=\count196
\c@LT@tables=\count197
\c@LT@chunks=\count198
\LT@p@ftn=\toks16
)
(C:\Users\dlaydon\AppData\Local\Programs\MiKTeX\tex/latex/tools\bm.sty
Package: bm 2022/01/05 v1.2f Bold Symbol Support (DPC/FMi)
\symboldoperators=\mathgroup4
\symboldletters=\mathgroup5
\symboldsymbols=\mathgroup6
Package bm Info: No bold for \OMX/cmex/m/n, using \pmb.
LaTeX Font Info:    Redeclaring math alphabet \mathbf on input line 149.
)
(C:\Users\dlaydon\AppData\Local\Programs\MiKTeX\tex/latex/base\alltt.sty
Package: alltt 2021/01/29 v2.0g defines alltt environment
)
(C:\Users\dlaydon\AppData\Local\Programs\MiKTeX\tex/latex/tools\verbatim.sty
Package: verbatim 2022-07-02 v1.5u LaTeX2e package for verbatim enhancements
\every@verbatim=\toks17
\verbatim@line=\toks18
\verbatim@in@stream=\read2
)
(C:\Users\dlaydon\AppData\Local\Programs\MiKTeX\tex/latex/url\url.sty
\Urlmuskip=\muskip16
Package: url 2013/09/16  ver 3.4  Verb mode for urls, etc.
)
(C:\Users\dlaydon\AppData\Local\Programs\MiKTeX\tex/latex/base\textcomp.sty
Package: textcomp 2020/02/02 v2.0n Standard LaTeX package
)
\ldescriptionwidth=\skip54

(C:\Users\dlaydon\AppData\Local\Programs\MiKTeX\tex/generic/iftex\iftex.sty
Package: iftex 2022/02/03 v1.0f TeX engine tests
)
(C:\Users\dlaydon\AppData\Local\Programs\MiKTeX\tex/latex/base\fontenc.sty
Package: fontenc 2021/04/29 v2.0v Standard LaTeX package
)
(C:\Users\dlaydon\AppData\Local\Programs\MiKTeX\tex/latex/psnfss\times.sty
Package: times 2020/03/25 PSNFSS-v9.3 (SPQR) 
)
(C:\Users\dlaydon\AppData\Local\Programs\MiKTeX\tex/latex/inconsolata\zi4.sty
Package: zi4 2019/05/17 v1.12

`inconsolata-zi4' v1.12, 2019/05/17 Text macros for Inconsolata (msharpe)
(C:\Users\dlaydon\AppData\Local\Programs\MiKTeX\tex/latex/xkeyval\xkeyval.sty
Package: xkeyval 2022/06/16 v2.9 package option processing (HA)

(C:\Users\dlaydon\AppData\Local\Programs\MiKTeX\tex/generic/xkeyval\xkeyval.tex

(C:\Users\dlaydon\AppData\Local\Programs\MiKTeX\tex/generic/xkeyval\xkvutils.te
x
\XKV@toks=\toks19
\XKV@tempa@toks=\toks20

(C:\Users\dlaydon\AppData\Local\Programs\MiKTeX\tex/generic/xkeyval\keyval.tex)
)
\XKV@depth=\count199
File: xkeyval.tex 2014/12/03 v2.7a key=value parser (HA)
))
\zifour@ocount=\count266
)
(C:\Users\dlaydon\AppData\Local\Programs\MiKTeX\tex/latex/graphics\color.sty
Package: color 2022/01/06 v1.3d Standard LaTeX Color (DPC)

(C:\Users\dlaydon\AppData\Local\Programs\MiKTeX\tex/latex/graphics-cfg\color.cf
g
File: color.cfg 2016/01/02 v1.6 sample color configuration
)
Package color Info: Driver file: pdftex.def on input line 149.

(C:\Users\dlaydon\AppData\Local\Programs\MiKTeX\tex/latex/graphics-def\pdftex.d
ef
File: pdftex.def 2022/09/22 v1.2b Graphics/color driver for pdftex
)
(C:\Users\dlaydon\AppData\Local\Programs\MiKTeX\tex/latex/graphics\mathcolor.lt
x))
(C:\Users\dlaydon\AppData\Local\Programs\MiKTeX\tex/latex/hyperref\hyperref.sty
Package: hyperref 2023-02-07 v7.00v Hypertext links for LaTeX

(C:\Users\dlaydon\AppData\Local\Programs\MiKTeX\tex/generic/ltxcmds\ltxcmds.sty
Package: ltxcmds 2020-05-10 v1.25 LaTeX kernel commands for general use (HO)
)
(C:\Users\dlaydon\AppData\Local\Programs\MiKTeX\tex/generic/pdftexcmds\pdftexcm
ds.sty
Package: pdftexcmds 2020-06-27 v0.33 Utility functions of pdfTeX for LuaTeX (HO
)

(C:\Users\dlaydon\AppData\Local\Programs\MiKTeX\tex/generic/infwarerr\infwarerr
.sty
Package: infwarerr 2019/12/03 v1.5 Providing info/warning/error messages (HO)
)
Package pdftexcmds Info: \pdf@primitive is available.
Package pdftexcmds Info: \pdf@ifprimitive is available.
Package pdftexcmds Info: \pdfdraftmode found.
)
(C:\Users\dlaydon\AppData\Local\Programs\MiKTeX\tex/latex/kvsetkeys\kvsetkeys.s
ty
Package: kvsetkeys 2022-10-05 v1.19 Key value parser (HO)
)
(C:\Users\dlaydon\AppData\Local\Programs\MiKTeX\tex/generic/kvdefinekeys\kvdefi
nekeys.sty
Package: kvdefinekeys 2019-12-19 v1.6 Define keys (HO)
)
(C:\Users\dlaydon\AppData\Local\Programs\MiKTeX\tex/generic/pdfescape\pdfescape
.sty
Package: pdfescape 2019/12/09 v1.15 Implements pdfTeX's escape features (HO)
)
(C:\Users\dlaydon\AppData\Local\Programs\MiKTeX\tex/latex/hycolor\hycolor.sty
Package: hycolor 2020-01-27 v1.10 Color options for hyperref/bookmark (HO)
)
(C:\Users\dlaydon\AppData\Local\Programs\MiKTeX\tex/latex/letltxmacro\letltxmac
ro.sty
Package: letltxmacro 2019/12/03 v1.6 Let assignment for LaTeX macros (HO)
)
(C:\Users\dlaydon\AppData\Local\Programs\MiKTeX\tex/latex/auxhook\auxhook.sty
Package: auxhook 2019-12-17 v1.6 Hooks for auxiliary files (HO)
)
(C:\Users\dlaydon\AppData\Local\Programs\MiKTeX\tex/latex/hyperref\nameref.sty
Package: nameref 2022-05-17 v2.50 Cross-referencing by name of section

(C:\Users\dlaydon\AppData\Local\Programs\MiKTeX\tex/latex/refcount\refcount.sty
Package: refcount 2019/12/15 v3.6 Data extraction from label references (HO)
)
(C:\Users\dlaydon\AppData\Local\Programs\MiKTeX\tex/generic/gettitlestring\gett
itlestring.sty
Package: gettitlestring 2019/12/15 v1.6 Cleanup title references (HO)

(C:\Users\dlaydon\AppData\Local\Programs\MiKTeX\tex/latex/kvoptions\kvoptions.s
ty
Package: kvoptions 2022-06-15 v3.15 Key value format for package options (HO)
))
\c@section@level=\count267
)
\@linkdim=\dimen142
\Hy@linkcounter=\count268
\Hy@pagecounter=\count269

(C:\Users\dlaydon\AppData\Local\Programs\MiKTeX\tex/latex/hyperref\pd1enc.def
File: pd1enc.def 2023-02-07 v7.00v Hyperref: PDFDocEncoding definition (HO)
Now handling font encoding PD1 ...
... no UTF-8 mapping file for font encoding PD1
)
(C:\Users\dlaydon\AppData\Local\Programs\MiKTeX\tex/generic/intcalc\intcalc.sty
Package: intcalc 2019/12/15 v1.3 Expandable calculations with integers (HO)
)
(C:\Users\dlaydon\AppData\Local\Programs\MiKTeX\tex/generic/etexcmds\etexcmds.s
ty
Package: etexcmds 2019/12/15 v1.7 Avoid name clashes with e-TeX commands (HO)
)
\Hy@SavedSpaceFactor=\count270

(C:\Users\dlaydon\AppData\Local\Programs\MiKTeX\tex/latex/hyperref\puenc.def
File: puenc.def 2023-02-07 v7.00v Hyperref: PDF Unicode definition (HO)
Now handling font encoding PU ...
... no UTF-8 mapping file for font encoding PU
)
Package hyperref Info: Hyper figures OFF on input line 4177.
Package hyperref Info: Link nesting OFF on input line 4182.
Package hyperref Info: Hyper index ON on input line 4185.
Package hyperref Info: Plain pages OFF on input line 4192.
Package hyperref Info: Backreferencing OFF on input line 4197.
Package hyperref Info: Implicit mode ON; LaTeX internals redefined.
Package hyperref Info: Bookmarks ON on input line 4425.
\c@Hy@tempcnt=\count271
LaTeX Info: Redefining \url on input line 4763.
\XeTeXLinkMargin=\dimen143

(C:\Users\dlaydon\AppData\Local\Programs\MiKTeX\tex/generic/bitset\bitset.sty
Package: bitset 2019/12/09 v1.3 Handle bit-vector datatype (HO)

(C:\Users\dlaydon\AppData\Local\Programs\MiKTeX\tex/generic/bigintcalc\bigintca
lc.sty
Package: bigintcalc 2019/12/15 v1.5 Expandable calculations on big integers (HO
)
))
\Fld@menulength=\count272
\Field@Width=\dimen144
\Fld@charsize=\dimen145
Package hyperref Info: Hyper figures OFF on input line 6042.
Package hyperref Info: Link nesting OFF on input line 6047.
Package hyperref Info: Hyper index ON on input line 6050.
Package hyperref Info: backreferencing OFF on input line 6057.
Package hyperref Info: Link coloring OFF on input line 6062.
Package hyperref Info: Link coloring with OCG OFF on input line 6067.
Package hyperref Info: PDF/A mode OFF on input line 6072.

(C:\Users\dlaydon\AppData\Local\Programs\MiKTeX\tex/latex/base\atbegshi-ltx.sty
Package: atbegshi-ltx 2021/01/10 v1.0c Emulation of the original atbegshi
package with kernel methods
)
\Hy@abspage=\count273
\c@Item=\count274
\c@Hfootnote=\count275
)
Package hyperref Info: Driver (autodetected): hpdftex.

(C:\Users\dlaydon\AppData\Local\Programs\MiKTeX\tex/latex/hyperref\hpdftex.def
File: hpdftex.def 2023-02-07 v7.00v Hyperref driver for pdfTeX

(C:\Users\dlaydon\AppData\Local\Programs\MiKTeX\tex/latex/base\atveryend-ltx.st
y
Package: atveryend-ltx 2020/08/19 v1.0a Emulation of the original atveryend pac
kage
with kernel methods
)
\Fld@listcount=\count276
\c@bookmark@seq@number=\count277

(C:\Users\dlaydon\AppData\Local\Programs\MiKTeX\tex/latex/rerunfilecheck\rerunf
ilecheck.sty
Package: rerunfilecheck 2022-07-10 v1.10 Rerun checks for auxiliary files (HO)

(C:\Users\dlaydon\AppData\Local\Programs\MiKTeX\tex/generic/uniquecounter\uniqu
ecounter.sty
Package: uniquecounter 2019/12/15 v1.4 Provide unlimited unique counter (HO)
)
Package uniquecounter Info: New unique counter `rerunfilecheck' on input line 2
85.
)
\Hy@SectionHShift=\skip55
)

Package hyperref Warning: Option `hyperindex' has already been used,
(hyperref)                setting the option has no effect on input line 388.

Package hyperref Info: Option `colorlinks' set `true' on input line 388.

Package hyperref Warning: Option `pagebackref' has already been used,
(hyperref)                setting the option has no effect on input line 388.

Package hyperref Info: Option `linktocpage' set `true' on input line 388.
Package hyperref Info: Option `plainpages' set `false' on input line 388.
) (C:\Users\dlaydon\AppData\Local\Programs\MiKTeX\tex/latex/base\makeidx.sty
Package: makeidx 2021/10/04 v1.0m Standard LaTeX package
)
(C:\Users\dlaydon\AppData\Local\Programs\MiKTeX\tex/latex/base\inputenc.sty
Package: inputenc 2021/02/14 v1.3d Input encoding file
\inpenc@prehook=\toks21
\inpenc@posthook=\toks22
)
\@indexfile=\write3
\openout3 = `Rd2.idx'.


Writing index file Rd2.idx
LaTeX Font Info:    Trying to load font information for T1+ptm on input line 8.

(C:\Users\dlaydon\AppData\Local\Programs\MiKTeX\tex/latex/psnfss\t1ptm.fd
File: t1ptm.fd 2001/06/04 font definitions for T1/ptm.
)
(C:\Users\dlaydon\AppData\Local\Programs\MiKTeX\tex/latex/l3backend\l3backend-p
dftex.def
File: l3backend-pdftex.def 2023-01-16 L3 backend support: PDF output (pdfTeX)
\l__color_backend_stack_int=\count278
\l__pdf_internal_box=\box56
) (Rd2.aux)
\openout1 = `Rd2.aux'.

LaTeX Font Info:    Checking defaults for OML/cmm/m/it on input line 8.
LaTeX Font Info:    ... okay on input line 8.
LaTeX Font Info:    Checking defaults for OMS/cmsy/m/n on input line 8.
LaTeX Font Info:    ... okay on input line 8.
LaTeX Font Info:    Checking defaults for OT1/cmr/m/n on input line 8.
LaTeX Font Info:    ... okay on input line 8.
LaTeX Font Info:    Checking defaults for T1/cmr/m/n on input line 8.
LaTeX Font Info:    ... okay on input line 8.
LaTeX Font Info:    Checking defaults for TS1/cmr/m/n on input line 8.
LaTeX Font Info:    ... okay on input line 8.
LaTeX Font Info:    Checking defaults for OMX/cmex/m/n on input line 8.
LaTeX Font Info:    ... okay on input line 8.
LaTeX Font Info:    Checking defaults for U/cmr/m/n on input line 8.
LaTeX Font Info:    ... okay on input line 8.
LaTeX Font Info:    Checking defaults for PD1/pdf/m/n on input line 8.
LaTeX Font Info:    ... okay on input line 8.
LaTeX Font Info:    Checking defaults for PU/pdf/m/n on input line 8.
LaTeX Font Info:    ... okay on input line 8.

(C:\Users\dlaydon\AppData\Local\Programs\MiKTeX\tex/context/base/mkii\supp-pdf.
mkii
[Loading MPS to PDF converter (version 2006.09.02).]
\scratchcounter=\count279
\scratchdimen=\dimen146
\scratchbox=\box57
\nofMPsegments=\count280
\nofMParguments=\count281
\everyMPshowfont=\toks23
\MPscratchCnt=\count282
\MPscratchDim=\dimen147
\MPnumerator=\count283
\makeMPintoPDFobject=\count284
\everyMPtoPDFconversion=\toks24
)
Package hyperref Info: Link coloring ON on input line 8.
 (Rd2.out) (Rd2.out)
\@outlinefile=\write4
\openout4 = `Rd2.out'.

LaTeX Font Info:    Trying to load font information for T1+zi4 on input line 22
.

(C:\Users\dlaydon\AppData\Local\Programs\MiKTeX\tex/latex/inconsolata\t1zi4.fd
File: t1zi4.fd 2018/01/14 T1/zi4 (Inconsolata)
)
LaTeX Font Info:    Font shape `T1/zi4/m/n' will be
(Font)              scaled to size 10.0pt on input line 22.
LaTeX Font Info:    Trying to load font information for TS1+ptm on input line 2
4.
(C:\Users\dlaydon\AppData\Local\Programs\MiKTeX\tex/latex/psnfss\ts1ptm.fd
File: ts1ptm.fd 2001/06/04 font definitions for TS1/ptm.
)
LaTeX Font Info:    Trying to load font information for T1+phv on input line 29
.

(C:\Users\dlaydon\AppData\Local\Programs\MiKTeX\tex/latex/psnfss\t1phv.fd
File: t1phv.fd 2020/03/25 scalable font definitions for T1/phv.
)
(Rd2.toc
LaTeX Font Info:    External font `cmex10' loaded for size
(Font)              <7> on input line 1.
LaTeX Font Info:    External font `cmex10' loaded for size
(Font)              <5> on input line 1.
)
\tf@toc=\write5
\openout5 = `Rd2.toc'.

 [1


{C:/Users/dlaydon/AppData/Local/MiKTeX/fonts/map/pdftex/pdftex.map}]
Overfull \hbox (41.44608pt too wide) in paragraph at lines 44--45
\T1/ptm/m/n/10 func-tions make ex-ten-sive use of the R-package \T1/ptm/m/it/10
 FME \T1/ptm/m/n/10 (http://cran.r-project.org/web/packages/FME/index.html) 
 []

[2] [3]
Overfull \hbox (1.70712pt too wide) in paragraph at lines 104--105
[]\T1/ptm/m/n/10 Daniel J. Lay-don, Sec-tion of Im-munol-ogy, Di-vi-sion of In-
fec-tious Dis-eases, De-part-ment of Medicine,
 []


Overfull \hbox (49.55008pt too wide) in paragraph at lines 147--148
[]\T1/ptm/m/n/10 a fac-tor with lev-els []\T1/zi4/m/n/10 Acetobacter_aurantius 
Acinetobacter_baumannii Actinomyces_israelii
 []


Overfull \hbox (47.48096pt too wide) in paragraph at lines 147--148
\T1/zi4/m/n/10 Agrobacterium_radiobacter Agrobacterium_tumefaciens Anaplasma Az
orhizobium_caulinodans
 []


Overfull \hbox (79.38098pt too wide) in paragraph at lines 147--148
\T1/zi4/m/n/10 Azotobacter_vinelandii Bacillus_anthracis Bacillus_brevis Bacill
us_cereus Bacillus_fusiformis
 []


Overfull \hbox (57.48096pt too wide) in paragraph at lines 147--148
\T1/zi4/m/n/10 Bacillus_licheniformis Bacillus_megaterium Bacillus_mycoides Bac
illus_stearothermophilus
 []


Overfull \hbox (62.48096pt too wide) in paragraph at lines 147--148
\T1/zi4/m/n/10 Bacillus_subtilis Bacteroides_fragilis Bacteroides_gingivalis Ba
cteroides_melaninogenicus
 []


Overfull \hbox (47.48096pt too wide) in paragraph at lines 147--148
\T1/zi4/m/n/10 Bartonella_henselae Bartonella_quintana Bordetella_bronchiseptic
a Bordetella_pertussis
 []


Overfull \hbox (74.38098pt too wide) in paragraph at lines 147--148
\T1/zi4/m/n/10 Borrelia_burgdorferi Brucella_abortus Brucella_melitensis Brucel
la_suis Burkholderia_cepacia
 []


Overfull \hbox (5.58093pt too wide) in paragraph at lines 147--148
\T1/zi4/m/n/10 Burkholderia_mallei Burkholderia_pseudomallei Calymmatobacterium
_granulomatis
 []


Overfull \hbox (17.48096pt too wide) in paragraph at lines 147--148
\T1/zi4/m/n/10 Campylobacter_coli Campylobacter_fetus Campylobacter_jejuni Camp
ylobacter_pylori
 []


Overfull \hbox (72.48096pt too wide) in paragraph at lines 147--148
\T1/zi4/m/n/10 Chlamydia_trachomatis Chlamydophila_pneumoniae Chlamydophila_psi
ttaci Clostridium_botulinum
 []


Overfull \hbox (77.48096pt too wide) in paragraph at lines 147--148
\T1/zi4/m/n/10 Clostridium_difficile Clostridium_perfringens Clostridium_tetani
 Corynebacterium_diphtheriae
 []


Overfull \hbox (47.48096pt too wide) in paragraph at lines 147--148
\T1/zi4/m/n/10 Corynebacterium_fusiforme Coxiella_burnetii Ehrlichia_chaffeensi
s Enterobacter_cloacae
 []


Overfull \hbox (22.48096pt too wide) in paragraph at lines 147--148
\T1/zi4/m/n/10 Enterococcus_avium Enterococcus_durans Enterococcus_faecalis Ent
erococcus_faecium
 []


Overfull \hbox (82.48096pt too wide) in paragraph at lines 147--148
\T1/zi4/m/n/10 Haemophilus_influenzae Haemophilus_parainfluenzae Haemophilus_pe
rtussis Haemophilus_vaginalis
 []


Overfull \hbox (77.48096pt too wide) in paragraph at lines 147--148
\T1/zi4/m/n/10 Helicobacter_pylori Klebsiella_pneumoniae Lactobacillus_Bulgaric
us Lactobacillus_acidophilus
 []


Overfull \hbox (37.48096pt too wide) in paragraph at lines 147--148
\T1/zi4/m/n/10 Lactobacillus_casei Lactococcus_lactis Legionella_pneumophila Li
steria_monocytogenes
 []


Overfull \hbox (87.48096pt too wide) in paragraph at lines 147--148
\T1/zi4/m/n/10 Methanobacterium_extroquens Microbacterium_multiforme Micrococcu
s_luteus Moraxella_catarrhalis
 []


Overfull \hbox (12.48096pt too wide) in paragraph at lines 147--148
\T1/zi4/m/n/10 Mycobacterium Mycobacterium_avium Mycobacterium_bovis Mycobacter
ium_diphtheriae
 []


Overfull \hbox (0.58093pt too wide) in paragraph at lines 147--148
\T1/zi4/m/n/10 Mycobacterium_intracellulare Mycobacterium_leprae Mycobacterium_
lepraemurium
 []


Overfull \hbox (77.48096pt too wide) in paragraph at lines 147--148
\T1/zi4/m/n/10 Mycobacterium_phlei Mycobacterium_smegmatis Mycobacterium_tuberc
ulosis Mycoplasma_fermentans
 []


Overfull \hbox (32.48096pt too wide) in paragraph at lines 147--148
\T1/zi4/m/n/10 Mycoplasma_genitalium Mycoplasma_hominis Mycoplasma_penetrans My
coplasma_pneumoniae
 []


Overfull \hbox (62.48096pt too wide) in paragraph at lines 147--148
\T1/zi4/m/n/10 Neisseria_gonorrhoeae Neisseria_meningitidis Pasteurella_multoci
da Pasteurella_tularensis
 []


Overfull \hbox (57.48096pt too wide) in paragraph at lines 147--148
\T1/zi4/m/n/10 Peptostreptococcus Porphyromonas_gingivalis Pseudomonas_aerugino
sa Rhizobium_radiobacter
 []


Overfull \hbox (32.48096pt too wide) in paragraph at lines 147--148
\T1/zi4/m/n/10 Rickettsia_prowazekii Rickettsia_psittaci Rickettsia_quintana Ri
ckettsia_rickettsii
 []


Overfull \hbox (84.38098pt too wide) in paragraph at lines 147--148
\T1/zi4/m/n/10 Rickettsia_trachomae Rochalimaea Rochalimaea_henselae Rochalimae
a_quintana Rothia_dentocariosa
 []


Overfull \hbox (27.48096pt too wide) in paragraph at lines 147--148
\T1/zi4/m/n/10 Salmonella_enteritidis Salmonella_typhi Salmonella_typhimurium S
erratia_marcescens
 []


Overfull \hbox (107.48096pt too wide) in paragraph at lines 147--148
\T1/zi4/m/n/10 Shigella_dysenteriae Staphylococcus_aureus Staphylococcus_epider
midis Stenotrophomonas_maltophilia
 []


Overfull \hbox (52.48096pt too wide) in paragraph at lines 147--148
\T1/zi4/m/n/10 Streptococcus_agalactiae Streptococcus_avium Streptococcus_bovis
 Streptococcus_cricetus
 []


Overfull \hbox (62.48096pt too wide) in paragraph at lines 147--148
\T1/zi4/m/n/10 Streptococcus_faceium Streptococcus_faecalis Streptococcus_ferus
 Streptococcus_gallinarum
 []


Overfull \hbox (27.48096pt too wide) in paragraph at lines 147--148
\T1/zi4/m/n/10 Streptococcus_lactis Streptococcus_mitior Streptococcus_mitis St
reptococcus_mutans
 []


Overfull \hbox (62.48096pt too wide) in paragraph at lines 147--148
\T1/zi4/m/n/10 Streptococcus_oralis Streptococcus_pneumoniae Streptococcus_pyog
enes Streptococcus_rattus
 []


Overfull \hbox (62.48096pt too wide) in paragraph at lines 147--148
\T1/zi4/m/n/10 Streptococcus_salivarius Streptococcus_sanguis Streptococcus_sob
rinus Treponema_denticola
 []


Overfull \hbox (59.38098pt too wide) in paragraph at lines 147--148
\T1/zi4/m/n/10 Treponema_pallidum Vibrio_cholerae Vibrio_comma Vibrio_parahaemo
lyticus Vibrio_vulnificus
 []


Overfull \hbox (2.48096pt too wide) in paragraph at lines 147--148
\T1/zi4/m/n/10 Wolbachia Yersinia_enterocolitica Yersinia_pestis Yersinia_pseud
otuberculosis 
 []

[4]
LaTeX Font Info:    Font shape `T1/zi4/m/n' will be
(Font)              scaled to size 9.0pt on input line 159.
 [5] [6] [7]
Overfull \hbox (50.7762pt too wide) in paragraph at lines 301--302
[]\T1/ptm/m/n/10 list of mod-els; each model is writ-ten as a func-tion: func-t
ion(x, params) { with(as.list(params),
 []

[8] [9]
Overfull \hbox (26.25941pt too wide) in paragraph at lines 407--407
 []\T1/zi4/m/n/9 testmeta[[1]] <- matrix(c(0.9451638, 0.007428265, 0.9938149, 1
.0147441, 0.009543598, 0.9870419),[] 
 []


Overfull \hbox (6.68274pt too wide) in paragraph at lines 408--408
 []                        \T1/zi4/m/n/9 nrow=2, byrow=TRUE, dimnames=list(c(),
 c("a1", "a2", "a3"))) # Example seeds[] 
 []

LaTeX Font Info:    Trying to load font information for TS1+zi4 on input line 4
34.

(C:\Users\dlaydon\AppData\Local\Programs\MiKTeX\tex/latex/inconsolata\ts1zi4.fd
File: ts1zi4.fd 2018/01/14 TS1/zi4 (Inconsolata)
)
LaTeX Font Info:    Font shape `TS1/zi4/m/n' will be
(Font)              scaled to size 9.0pt on input line 434.
 [10] [11]
Overfull \hbox (5.66774pt too wide) in paragraph at lines 530--531
[]\T1/ptm/m/n/10 maximum rar-efac-tion data x-axis value. De-fault is length of
 the sam-ple []\T1/zi4/m/n/10 mainsamp[]\T1/ptm/m/n/10 . 
 []

[12] [13] [14] [15] [16] [17] [18] [19]
Overfull \hbox (3.75941pt too wide) in paragraph at lines 942--942
 []\T1/zi4/m/n/9 testmeta <- matrix(c(0.9451638, 0.007428265, 0.9938149, 1.0147
441, 0.009543598, 0.9870419),[] 
 []


Overfull \hbox (6.68274pt too wide) in paragraph at lines 943--943
 []                        \T1/zi4/m/n/9 nrow=2, byrow=TRUE, dimnames=list(c(),
 c("a1", "a2", "a3"))) # Example seeds[] 
 []

[20] (Rd2.ind [21]

LaTeX Font Warning: Font shape `T1/zi4/m/it' undefined
(Font)              using `T1/zi4/m/n' instead on input line 23.

LaTeX Font Info:    Font shape `T1/zi4/m/it' will be
(Font)              scaled to size 10.0pt on input line 32.
[22

]) (Rd2.aux)

LaTeX Font Warning: Some font shapes were not available, defaults substituted.

Package rerunfilecheck Info: File `Rd2.out' has not changed.
(rerunfilecheck)             Checksum: 615A7C3900629785E91F9B15DFD5A41C;1401.
 ) 
Here is how much of TeX's memory you used:
 9322 strings out of 476339
 148673 string characters out of 5787175
 1865340 words of memory out of 5000000
 29433 multiletter control sequences out of 15000+600000
 547139 words of font info for 67 fonts, out of 8000000 for 9000
 1141 hyphenation exceptions out of 8191
 92i,5n,92p,4416b,725s stack positions out of 10000i,1000n,20000p,200000b,200000s

pdfTeX warning (dest): name{Rfn.modFit} has been referenced but does not exist,
 replaced by a fixed one

{C:/Users/dlaydon/AppData/Local/Programs/MiKTeX/fonts/enc/dvips/inconsolata/i4-
ts1.enc}{C:/Users/dlaydon/AppData/Local/Programs/MiKTeX/fonts/enc/dvips/base/8r
.enc}{C:/Users/dlaydon/AppData/Local/Programs/MiKTeX/fonts/enc/dvips/inconsolat
a/i4-t1-0.enc}<C:/Users/dlaydon/AppData/Local/Programs/MiKTeX/fonts/type1/publi
c/inconsolata/Inconsolata-zi4r.pfb><C:/Users/dlaydon/AppData/Local/Programs/MiK
TeX/fonts/type1/public/amsfonts/cm/cmmi10.pfb><C:/Users/dlaydon/AppData/Local/P
rograms/MiKTeX/fonts/type1/public/amsfonts/cm/cmr10.pfb><C:/Users/dlaydon/AppDa
ta/Local/Programs/MiKTeX/fonts/type1/public/amsfonts/cm/cmsy10.pfb><C:/Users/dl
aydon/AppData/Local/Programs/MiKTeX/fonts/type1/public/amsfonts/cm/cmsy7.pfb><C
:/Users/dlaydon/AppData/Local/Programs/MiKTeX/fonts/type1/urw/helvetic/uhvr8a.p
fb><C:/Users/dlaydon/AppData/Local/Programs/MiKTeX/fonts/type1/urw/times/utmb8a
.pfb><C:/Users/dlaydon/AppData/Local/Programs/MiKTeX/fonts/type1/urw/times/utmr
8a.pfb><C:/Users/dlaydon/AppData/Local/Programs/MiKTeX/fonts/type1/urw/times/ut
mr8a.pfb><C:/Users/dlaydon/AppData/Local/Programs/MiKTeX/fonts/type1/urw/times/
utmri8a.pfb>
Output written on Rd2.pdf (22 pages, 217953 bytes).
PDF statistics:
 452 PDF objects out of 1000 (max. 8388607)
 166 named destinations out of 1000 (max. 500000)
 113 words of extra memory for PDF output out of 10000 (max. 10000000)

