Hmm ... looks like a package

This is pdfTeX, Version 3.14159265-2.6-1.40.16 (TeX Live 2015) (preloaded format=pdflatex)
 restricted \write18 enabled.
entering extended mode
LaTeX2e <2015/01/01>
Babel <3.9l> and hyphenation patterns for 79 languages loaded.
(./Rd2.tex
(/usr/local/texlive/2015/texmf-dist/tex/latex/base/book.cls
Document Class: book 2014/09/29 v1.4h Standard LaTeX document class
(/usr/local/texlive/2015/texmf-dist/tex/latex/base/bk10.clo))
(/Library/Frameworks/R.framework/Resources/share/texmf/tex/latex/Rd.sty
(/usr/local/texlive/2015/texmf-dist/tex/latex/base/ifthen.sty)
(/usr/local/texlive/2015/texmf-dist/tex/latex/tools/longtable.sty)
(/usr/local/texlive/2015/texmf-dist/tex/latex/tools/bm.sty)
(/usr/local/texlive/2015/texmf-dist/tex/latex/base/alltt.sty)
(/usr/local/texlive/2015/texmf-dist/tex/latex/tools/verbatim.sty)
(/usr/local/texlive/2015/texmf-dist/tex/latex/url/url.sty)
(/usr/local/texlive/2015/texmf-dist/tex/latex/base/textcomp.sty
(/usr/local/texlive/2015/texmf-dist/tex/latex/base/ts1enc.def))
(/usr/local/texlive/2015/texmf-dist/tex/latex/base/fontenc.sty
(/usr/local/texlive/2015/texmf-dist/tex/latex/base/t1enc.def))
(/usr/local/texlive/2015/texmf-dist/tex/latex/psnfss/times.sty)
(/usr/local/texlive/2015/texmf-dist/tex/latex/inconsolata/zi4.sty
`inconsolata-zi4' v1.05, 2014/06/22 Text macros for Inconsolata (msharpe)
(/usr/local/texlive/2015/texmf-dist/tex/latex/graphics/keyval.sty))
(/usr/local/texlive/2015/texmf-dist/tex/latex/graphics/color.sty
(/usr/local/texlive/2015/texmf-dist/tex/latex/latexconfig/color.cfg)
(/usr/local/texlive/2015/texmf-dist/tex/latex/pdftex-def/pdftex.def
(/usr/local/texlive/2015/texmf-dist/tex/generic/oberdiek/infwarerr.sty)
(/usr/local/texlive/2015/texmf-dist/tex/generic/oberdiek/ltxcmds.sty)))
(/usr/local/texlive/2015/texmf-dist/tex/latex/hyperref/hyperref.sty
(/usr/local/texlive/2015/texmf-dist/tex/generic/oberdiek/hobsub-hyperref.sty
(/usr/local/texlive/2015/texmf-dist/tex/generic/oberdiek/hobsub-generic.sty))
(/usr/local/texlive/2015/texmf-dist/tex/generic/ifxetex/ifxetex.sty)
(/usr/local/texlive/2015/texmf-dist/tex/latex/oberdiek/auxhook.sty)
(/usr/local/texlive/2015/texmf-dist/tex/latex/oberdiek/kvoptions.sty)
(/usr/local/texlive/2015/texmf-dist/tex/latex/hyperref/pd1enc.def)
(/usr/local/texlive/2015/texmf-dist/tex/latex/latexconfig/hyperref.cfg))

Package hyperref Message: Driver (autodetected): hpdftex.

(/usr/local/texlive/2015/texmf-dist/tex/latex/hyperref/hpdftex.def
(/usr/local/texlive/2015/texmf-dist/tex/latex/oberdiek/rerunfilecheck.sty))

Package hyperref Warning: Option `hyperindex' has already been used,
(hyperref)                setting the option has no effect on input line 366.


Package hyperref Warning: Option `pagebackref' has already been used,
(hyperref)                setting the option has no effect on input line 366.

) (/usr/local/texlive/2015/texmf-dist/tex/latex/base/makeidx.sty)
(/usr/local/texlive/2015/texmf-dist/tex/latex/base/inputenc.sty
(/usr/local/texlive/2015/texmf-dist/tex/latex/base/utf8.def
(/usr/local/texlive/2015/texmf-dist/tex/latex/base/t1enc.dfu)
(/usr/local/texlive/2015/texmf-dist/tex/latex/base/ot1enc.dfu)
(/usr/local/texlive/2015/texmf-dist/tex/latex/base/omsenc.dfu)
(/usr/local/texlive/2015/texmf-dist/tex/latex/base/ts1enc.dfu))
(/usr/local/texlive/2015/texmf-dist/tex/latex/base/latin1.def))
Writing index file Rd2.idx
No file Rd2.aux.
(/usr/local/texlive/2015/texmf-dist/tex/latex/base/ts1cmr.fd)
(/usr/local/texlive/2015/texmf-dist/tex/latex/psnfss/t1ptm.fd)
(/usr/local/texlive/2015/texmf-dist/tex/context/base/supp-pdf.mkii
[Loading MPS to PDF converter (version 2006.09.02).]
) (/usr/local/texlive/2015/texmf-dist/tex/latex/hyperref/nameref.sty
(/usr/local/texlive/2015/texmf-dist/tex/generic/oberdiek/gettitlestring.sty))
(/usr/local/texlive/2015/texmf-dist/tex/latex/inconsolata/t1zi4.fd)
(/usr/local/texlive/2015/texmf-dist/tex/latex/psnfss/ts1ptm.fd)
(/usr/local/texlive/2015/texmf-dist/tex/latex/psnfss/t1phv.fd)
(/usr/local/texlive/2015/texmf-dist/tex/latex/base/utf8.def)
Overfull \hbox (41.44608pt too wide) in paragraph at lines 43--44
\T1/ptm/m/n/10 func-tions make ex-ten-sive use of the R-package \T1/ptm/m/it/10
 FME \T1/ptm/m/n/10 (http://cran.r-project.org/web/packages/FME/index.html) 
[1{/usr/local/texlive/2015/texmf-var/fonts/map/pdftex/updmap/pdftex.map}]
[2]
Overfull \hbox (1.70712pt too wide) in paragraph at lines 103--104
[]\T1/ptm/m/n/10 Daniel J. Lay-don, Sec-tion of Im-munol-ogy, Di-vi-sion of In-
fec-tious Dis-eases, De-part-ment of Medicine,

Overfull \vbox (3.75151pt too high) has occurred while \output is active
[3] (/usr/local/texlive/2015/texmf-dist/tex/latex/base/utf8.def)
Overfull \hbox (49.55008pt too wide) in paragraph at lines 146--147
[]\T1/ptm/m/n/10 a fac-tor with lev-els \T1/zi4/m/n/10 Acetobacter_aurantius Ac
inetobacter_baumannii Actinomyces_israelii

Overfull \hbox (47.48096pt too wide) in paragraph at lines 146--147
\T1/zi4/m/n/10 Agrobacterium_radiobacter Agrobacterium_tumefaciens Anaplasma Az
orhizobium_caulinodans

Overfull \hbox (79.38098pt too wide) in paragraph at lines 146--147
\T1/zi4/m/n/10 Azotobacter_vinelandii Bacillus_anthracis Bacillus_brevis Bacill
us_cereus Bacillus_fusiformis

Overfull \hbox (57.48096pt too wide) in paragraph at lines 146--147
\T1/zi4/m/n/10 Bacillus_licheniformis Bacillus_megaterium Bacillus_mycoides Bac
illus_stearothermophilus

Overfull \hbox (62.48096pt too wide) in paragraph at lines 146--147
\T1/zi4/m/n/10 Bacillus_subtilis Bacteroides_fragilis Bacteroides_gingivalis Ba
cteroides_melaninogenicus

Overfull \hbox (47.48096pt too wide) in paragraph at lines 146--147
\T1/zi4/m/n/10 Bartonella_henselae Bartonella_quintana Bordetella_bronchiseptic
a Bordetella_pertussis

Overfull \hbox (74.38098pt too wide) in paragraph at lines 146--147
\T1/zi4/m/n/10 Borrelia_burgdorferi Brucella_abortus Brucella_melitensis Brucel
la_suis Burkholderia_cepacia

Overfull \hbox (5.58093pt too wide) in paragraph at lines 146--147
\T1/zi4/m/n/10 Burkholderia_mallei Burkholderia_pseudomallei Calymmatobacterium
_granulomatis

Overfull \hbox (17.48096pt too wide) in paragraph at lines 146--147
\T1/zi4/m/n/10 Campylobacter_coli Campylobacter_fetus Campylobacter_jejuni Camp
ylobacter_pylori

Overfull \hbox (72.48096pt too wide) in paragraph at lines 146--147
\T1/zi4/m/n/10 Chlamydia_trachomatis Chlamydophila_pneumoniae Chlamydophila_psi
ttaci Clostridium_botulinum

Overfull \hbox (77.48096pt too wide) in paragraph at lines 146--147
\T1/zi4/m/n/10 Clostridium_difficile Clostridium_perfringens Clostridium_tetani
 Corynebacterium_diphtheriae

Overfull \hbox (47.48096pt too wide) in paragraph at lines 146--147
\T1/zi4/m/n/10 Corynebacterium_fusiforme Coxiella_burnetii Ehrlichia_chaffeensi
s Enterobacter_cloacae

Overfull \hbox (22.48096pt too wide) in paragraph at lines 146--147
\T1/zi4/m/n/10 Enterococcus_avium Enterococcus_durans Enterococcus_faecalis Ent
erococcus_faecium

Overfull \hbox (50.48096pt too wide) in paragraph at lines 146--147
\T1/zi4/m/n/10 Enterococcus_galllinarum Enterococcus_maloratus Escherichia coli
 Francisella tularensis

Overfull \hbox (57.48096pt too wide) in paragraph at lines 146--147
\T1/zi4/m/n/10 Fusobacterium_nucleatum Gardnerella_vaginalis Haemophilus_ducrey
i Haemophilus_influenzae

Overfull \hbox (67.48096pt too wide) in paragraph at lines 146--147
\T1/zi4/m/n/10 Haemophilus_parainfluenzae Haemophilus_pertussis Haemophilus_vag
inalis Helicobacter_pylori

Overfull \hbox (77.48096pt too wide) in paragraph at lines 146--147
\T1/zi4/m/n/10 Klebsiella_pneumoniae Lactobacillus_Bulgaricus Lactobacillus_aci
dophilus Lactobacillus_casei

Overfull \hbox (77.48096pt too wide) in paragraph at lines 146--147
\T1/zi4/m/n/10 Lactococcus_lactis Legionella_pneumophila Listeria_monocytogenes
 Methanobacterium_extroquens

Overfull \hbox (17.48096pt too wide) in paragraph at lines 146--147
\T1/zi4/m/n/10 Microbacterium_multiforme Micrococcus_luteus Moraxella_catarrhal
is Mycobacterium

Overfull \hbox (87.48096pt too wide) in paragraph at lines 146--147
\T1/zi4/m/n/10 Mycobacterium_avium Mycobacterium_bovis Mycobacterium_diphtheria
e Mycobacterium_intracellulare

Overfull \hbox (72.48096pt too wide) in paragraph at lines 146--147
\T1/zi4/m/n/10 Mycobacterium_leprae Mycobacterium_lepraemurium Mycobacterium_ph
lei Mycobacterium_smegmatis

Overfull \hbox (62.48096pt too wide) in paragraph at lines 146--147
\T1/zi4/m/n/10 Mycobacterium_tuberculosis Mycoplasma_fermentans Mycoplasma_geni
talium Mycoplasma_hominis

Overfull \hbox (52.48096pt too wide) in paragraph at lines 146--147
\T1/zi4/m/n/10 Mycoplasma_penetrans Mycoplasma_pneumoniae Neisseria_gonorrhoeae
 Neisseria_meningitidis

Overfull \hbox (57.48096pt too wide) in paragraph at lines 146--147
\T1/zi4/m/n/10 Pasteurella_multocida Pasteurella_tularensis Peptostreptococcus 
Porphyromonas_gingivalis

Overfull \hbox (47.48096pt too wide) in paragraph at lines 146--147
\T1/zi4/m/n/10 Pseudomonas_aeruginosa Rhizobium_radiobacter Rickettsia_prowazek
ii Rickettsia_psittaci

Overfull \hbox (89.38098pt too wide) in paragraph at lines 146--147
\T1/zi4/m/n/10 Rickettsia_quintana Rickettsia_rickettsii Rickettsia_trachomae R
ochalimaea Rochalimaea_henselae

Overfull \hbox (17.48096pt too wide) in paragraph at lines 146--147
\T1/zi4/m/n/10 Rochalimaea_quintana Rothia_dentocariosa Salmonella_enteritidis 
Salmonella_typhi

Overfull \hbox (42.48096pt too wide) in paragraph at lines 146--147
\T1/zi4/m/n/10 Salmonella_typhimurium Serratia_marcescens Shigella_dysenteriae 
Staphylococcus_aureus

Overfull \hbox (20.58093pt too wide) in paragraph at lines 146--147
\T1/zi4/m/n/10 Staphylococcus_epidermidis Stenotrophomonas_maltophilia Streptoc
occus_agalactiae

Overfull \hbox (37.48096pt too wide) in paragraph at lines 146--147
\T1/zi4/m/n/10 Streptococcus_avium Streptococcus_bovis Streptococcus_cricetus S
treptococcus_faceium

Overfull \hbox (57.48096pt too wide) in paragraph at lines 146--147
\T1/zi4/m/n/10 Streptococcus_faecalis Streptococcus_ferus Streptococcus_gallina
rum Streptococcus_lactis

Overfull \hbox (27.48096pt too wide) in paragraph at lines 146--147
\T1/zi4/m/n/10 Streptococcus_mitior Streptococcus_mitis Streptococcus_mutans St
reptococcus_oralis

Overfull \hbox (82.48096pt too wide) in paragraph at lines 146--147
\T1/zi4/m/n/10 Streptococcus_pneumoniae Streptococcus_pyogenes Streptococcus_ra
ttus Streptococcus_salivarius

Overfull \hbox (32.48096pt too wide) in paragraph at lines 146--147
\T1/zi4/m/n/10 Streptococcus_sanguis Streptococcus_sobrinus Treponema_denticola
 Treponema_pallidum

Overfull \hbox (14.38098pt too wide) in paragraph at lines 146--147
\T1/zi4/m/n/10 Vibrio_cholerae Vibrio_comma Vibrio_parahaemolyticus Vibrio_vuln
ificus Wolbachia
[4] (/usr/local/texlive/2015/texmf-dist/tex/latex/base/utf8.def) [5]
(/usr/local/texlive/2015/texmf-dist/tex/latex/base/utf8.def) [6]
(/usr/local/texlive/2015/texmf-dist/tex/latex/base/utf8.def)
Overfull \hbox (50.7762pt too wide) in paragraph at lines 300--301
[]\T1/ptm/m/n/10 list of mod-els; each model is writ-ten as a func-tion: func-t
ion(x, params) { with(as.list(params),
[7] [8] [9]
Overfull \hbox (30.48093pt too wide) in paragraph at lines 406--406
 []\T1/zi4/m/n/9 testmeta[[1]] <- matrix(c(0.9451638, 0.007428265, 0.9938149, 1
.0147441, 0.009543598, 0.9870419),[] 

Overfull \hbox (25.98108pt too wide) in paragraph at lines 407--407
 []                        \T1/zi4/m/n/9 nrow=2, byrow=TRUE, dimnames=list(c(),
 c("a1", "a2", "a3"))) # Example seeds[] 
(/usr/local/texlive/2015/texmf-dist/tex/latex/inconsolata/ts1zi4.fd)
(/usr/local/texlive/2015/texmf-dist/tex/latex/base/utf8.def) [10]
(/usr/local/texlive/2015/texmf-dist/tex/latex/base/utf8.def) [11]
Overfull \hbox (5.66774pt too wide) in paragraph at lines 529--530
[]\T1/ptm/m/n/10 maximum rar-efac-tion data x-axis value. De-fault is length of
 the sam-ple \T1/zi4/m/n/10 mainsamp\T1/ptm/m/n/10 . 
(/usr/local/texlive/2015/texmf-dist/tex/latex/base/utf8.def) [12] [13] [14]
(/usr/local/texlive/2015/texmf-dist/tex/latex/base/utf8.def)
Overfull \hbox (3.68637pt too wide) in paragraph at lines 727--728
[]\T1/ptm/m/n/10 Each model is writ-ten as a func-tion: func-tion(x, params) wi
th(as.list(params), <\T1/ptm/m/it/10 func-tion of params\T1/ptm/m/n/10 >).
[15] (/usr/local/texlive/2015/texmf-dist/tex/latex/base/utf8.def)
(/usr/local/texlive/2015/texmf-dist/tex/latex/base/utf8.def) [16]
(/usr/local/texlive/2015/texmf-dist/tex/latex/base/utf8.def) [17]
(/usr/local/texlive/2015/texmf-dist/tex/latex/base/utf8.def) [18] [19]
Overfull \hbox (7.98093pt too wide) in paragraph at lines 941--941
 []\T1/zi4/m/n/9 testmeta <- matrix(c(0.9451638, 0.007428265, 0.9938149, 1.0147
441, 0.009543598, 0.9870419),[] 

Overfull \hbox (25.98108pt too wide) in paragraph at lines 942--942
 []                        \T1/zi4/m/n/9 nrow=2, byrow=TRUE, dimnames=list(c(),
 c("a1", "a2", "a3"))) # Example seeds[] 
No file Rd2.ind.
[20] (./Rd2.aux)

Package rerunfilecheck Warning: File `Rd2.out' has changed.
(rerunfilecheck)                Rerun to get outlines right
(rerunfilecheck)                or use package `bookmark'.

 )
(see the transcript file for additional information)pdfTeX warning (dest): name
{Rfn.modFit} has been referenced but does not exist, replaced by a fixed one

{/usr/local/texlive/2015/texmf-dist/fonts/enc/dvips/inconsolata/i4-ts1.enc}{/us
r/local/texlive/2015/texmf-dist/fonts/enc/dvips/base/8r.enc}{/usr/local/texlive
/2015/texmf-dist/fonts/enc/dvips/inconsolata/i4-t1-0.enc}</usr/local/texlive/20
15/texmf-dist/fonts/type1/public/inconsolata/Inconsolata-zi4r.pfb></usr/local/t
exlive/2015/texmf-dist/fonts/type1/public/amsfonts/cm/cmmi10.pfb></usr/local/te
xlive/2015/texmf-dist/fonts/type1/public/amsfonts/cm/cmr10.pfb></usr/local/texl
ive/2015/texmf-dist/fonts/type1/public/amsfonts/cm/cmsy10.pfb></usr/local/texli
ve/2015/texmf-dist/fonts/type1/public/amsfonts/cm/cmsy7.pfb></usr/local/texlive
/2015/texmf-dist/fonts/type1/urw/helvetic/uhvr8a.pfb></usr/local/texlive/2015/t
exmf-dist/fonts/type1/urw/times/utmb8a.pfb></usr/local/texlive/2015/texmf-dist/
fonts/type1/urw/times/utmr8a.pfb></usr/local/texlive/2015/texmf-dist/fonts/type
1/urw/times/utmr8a.pfb></usr/local/texlive/2015/texmf-dist/fonts/type1/urw/time
s/utmri8a.pfb>
Output written on Rd2.pdf (20 pages, 151898 bytes).
Transcript written on Rd2.log.
This is makeindex, version 2.15 [TeX Live 2015] (kpathsea + Thai support).
Scanning input file Rd2.idx....done (53 entries accepted, 0 rejected).
Sorting entries....done (311 comparisons).
Generating output file Rd2.ind....done (89 lines written, 0 warnings).
Output written in Rd2.ind.
Transcript written in Rd2.ilg.
This is pdfTeX, Version 3.14159265-2.6-1.40.16 (TeX Live 2015) (preloaded format=pdflatex)
 restricted \write18 enabled.
entering extended mode
LaTeX2e <2015/01/01>
Babel <3.9l> and hyphenation patterns for 79 languages loaded.
(./Rd2.tex
(/usr/local/texlive/2015/texmf-dist/tex/latex/base/book.cls
Document Class: book 2014/09/29 v1.4h Standard LaTeX document class
(/usr/local/texlive/2015/texmf-dist/tex/latex/base/bk10.clo))
(/Library/Frameworks/R.framework/Resources/share/texmf/tex/latex/Rd.sty
(/usr/local/texlive/2015/texmf-dist/tex/latex/base/ifthen.sty)
(/usr/local/texlive/2015/texmf-dist/tex/latex/tools/longtable.sty)
(/usr/local/texlive/2015/texmf-dist/tex/latex/tools/bm.sty)
(/usr/local/texlive/2015/texmf-dist/tex/latex/base/alltt.sty)
(/usr/local/texlive/2015/texmf-dist/tex/latex/tools/verbatim.sty)
(/usr/local/texlive/2015/texmf-dist/tex/latex/url/url.sty)
(/usr/local/texlive/2015/texmf-dist/tex/latex/base/textcomp.sty
(/usr/local/texlive/2015/texmf-dist/tex/latex/base/ts1enc.def))
(/usr/local/texlive/2015/texmf-dist/tex/latex/base/fontenc.sty
(/usr/local/texlive/2015/texmf-dist/tex/latex/base/t1enc.def))
(/usr/local/texlive/2015/texmf-dist/tex/latex/psnfss/times.sty)
(/usr/local/texlive/2015/texmf-dist/tex/latex/inconsolata/zi4.sty
`inconsolata-zi4' v1.05, 2014/06/22 Text macros for Inconsolata (msharpe)
(/usr/local/texlive/2015/texmf-dist/tex/latex/graphics/keyval.sty))
(/usr/local/texlive/2015/texmf-dist/tex/latex/graphics/color.sty
(/usr/local/texlive/2015/texmf-dist/tex/latex/latexconfig/color.cfg)
(/usr/local/texlive/2015/texmf-dist/tex/latex/pdftex-def/pdftex.def
(/usr/local/texlive/2015/texmf-dist/tex/generic/oberdiek/infwarerr.sty)
(/usr/local/texlive/2015/texmf-dist/tex/generic/oberdiek/ltxcmds.sty)))
(/usr/local/texlive/2015/texmf-dist/tex/latex/hyperref/hyperref.sty
(/usr/local/texlive/2015/texmf-dist/tex/generic/oberdiek/hobsub-hyperref.sty
(/usr/local/texlive/2015/texmf-dist/tex/generic/oberdiek/hobsub-generic.sty))
(/usr/local/texlive/2015/texmf-dist/tex/generic/ifxetex/ifxetex.sty)
(/usr/local/texlive/2015/texmf-dist/tex/latex/oberdiek/auxhook.sty)
(/usr/local/texlive/2015/texmf-dist/tex/latex/oberdiek/kvoptions.sty)
(/usr/local/texlive/2015/texmf-dist/tex/latex/hyperref/pd1enc.def)
(/usr/local/texlive/2015/texmf-dist/tex/latex/latexconfig/hyperref.cfg))

Package hyperref Message: Driver (autodetected): hpdftex.

(/usr/local/texlive/2015/texmf-dist/tex/latex/hyperref/hpdftex.def
(/usr/local/texlive/2015/texmf-dist/tex/latex/oberdiek/rerunfilecheck.sty))

Package hyperref Warning: Option `hyperindex' has already been used,
(hyperref)                setting the option has no effect on input line 366.


Package hyperref Warning: Option `pagebackref' has already been used,
(hyperref)                setting the option has no effect on input line 366.

) (/usr/local/texlive/2015/texmf-dist/tex/latex/base/makeidx.sty)
(/usr/local/texlive/2015/texmf-dist/tex/latex/base/inputenc.sty
(/usr/local/texlive/2015/texmf-dist/tex/latex/base/utf8.def
(/usr/local/texlive/2015/texmf-dist/tex/latex/base/t1enc.dfu)
(/usr/local/texlive/2015/texmf-dist/tex/latex/base/ot1enc.dfu)
(/usr/local/texlive/2015/texmf-dist/tex/latex/base/omsenc.dfu)
(/usr/local/texlive/2015/texmf-dist/tex/latex/base/ts1enc.dfu))
(/usr/local/texlive/2015/texmf-dist/tex/latex/base/latin1.def))
Writing index file Rd2.idx
(./Rd2.aux) (/usr/local/texlive/2015/texmf-dist/tex/latex/base/ts1cmr.fd)
(/usr/local/texlive/2015/texmf-dist/tex/latex/psnfss/t1ptm.fd)
(/usr/local/texlive/2015/texmf-dist/tex/context/base/supp-pdf.mkii
[Loading MPS to PDF converter (version 2006.09.02).]
) (/usr/local/texlive/2015/texmf-dist/tex/latex/hyperref/nameref.sty
(/usr/local/texlive/2015/texmf-dist/tex/generic/oberdiek/gettitlestring.sty))
(./Rd2.out) (./Rd2.out)
(/usr/local/texlive/2015/texmf-dist/tex/latex/inconsolata/t1zi4.fd)
(/usr/local/texlive/2015/texmf-dist/tex/latex/psnfss/ts1ptm.fd)
(/usr/local/texlive/2015/texmf-dist/tex/latex/psnfss/t1phv.fd) (./Rd2.toc)
(/usr/local/texlive/2015/texmf-dist/tex/latex/base/utf8.def) [1{/usr/local/texl
ive/2015/texmf-var/fonts/map/pdftex/updmap/pdftex.map}]
Overfull \hbox (41.44608pt too wide) in paragraph at lines 43--44
\T1/ptm/m/n/10 func-tions make ex-ten-sive use of the R-package \T1/ptm/m/it/10
 FME \T1/ptm/m/n/10 (http://cran.r-project.org/web/packages/FME/index.html) 
[2] [3]
Overfull \hbox (1.70712pt too wide) in paragraph at lines 103--104
[]\T1/ptm/m/n/10 Daniel J. Lay-don, Sec-tion of Im-munol-ogy, Di-vi-sion of In-
fec-tious Dis-eases, De-part-ment of Medicine,
(/usr/local/texlive/2015/texmf-dist/tex/latex/base/utf8.def)
Overfull \hbox (49.55008pt too wide) in paragraph at lines 146--147
[]\T1/ptm/m/n/10 a fac-tor with lev-els \T1/zi4/m/n/10 Acetobacter_aurantius Ac
inetobacter_baumannii Actinomyces_israelii

Overfull \hbox (47.48096pt too wide) in paragraph at lines 146--147
\T1/zi4/m/n/10 Agrobacterium_radiobacter Agrobacterium_tumefaciens Anaplasma Az
orhizobium_caulinodans

Overfull \hbox (79.38098pt too wide) in paragraph at lines 146--147
\T1/zi4/m/n/10 Azotobacter_vinelandii Bacillus_anthracis Bacillus_brevis Bacill
us_cereus Bacillus_fusiformis

Overfull \hbox (57.48096pt too wide) in paragraph at lines 146--147
\T1/zi4/m/n/10 Bacillus_licheniformis Bacillus_megaterium Bacillus_mycoides Bac
illus_stearothermophilus

Overfull \hbox (62.48096pt too wide) in paragraph at lines 146--147
\T1/zi4/m/n/10 Bacillus_subtilis Bacteroides_fragilis Bacteroides_gingivalis Ba
cteroides_melaninogenicus

Overfull \hbox (47.48096pt too wide) in paragraph at lines 146--147
\T1/zi4/m/n/10 Bartonella_henselae Bartonella_quintana Bordetella_bronchiseptic
a Bordetella_pertussis

Overfull \hbox (74.38098pt too wide) in paragraph at lines 146--147
\T1/zi4/m/n/10 Borrelia_burgdorferi Brucella_abortus Brucella_melitensis Brucel
la_suis Burkholderia_cepacia

Overfull \hbox (5.58093pt too wide) in paragraph at lines 146--147
\T1/zi4/m/n/10 Burkholderia_mallei Burkholderia_pseudomallei Calymmatobacterium
_granulomatis

Overfull \hbox (17.48096pt too wide) in paragraph at lines 146--147
\T1/zi4/m/n/10 Campylobacter_coli Campylobacter_fetus Campylobacter_jejuni Camp
ylobacter_pylori

Overfull \hbox (72.48096pt too wide) in paragraph at lines 146--147
\T1/zi4/m/n/10 Chlamydia_trachomatis Chlamydophila_pneumoniae Chlamydophila_psi
ttaci Clostridium_botulinum

Overfull \hbox (77.48096pt too wide) in paragraph at lines 146--147
\T1/zi4/m/n/10 Clostridium_difficile Clostridium_perfringens Clostridium_tetani
 Corynebacterium_diphtheriae

Overfull \hbox (47.48096pt too wide) in paragraph at lines 146--147
\T1/zi4/m/n/10 Corynebacterium_fusiforme Coxiella_burnetii Ehrlichia_chaffeensi
s Enterobacter_cloacae

Overfull \hbox (22.48096pt too wide) in paragraph at lines 146--147
\T1/zi4/m/n/10 Enterococcus_avium Enterococcus_durans Enterococcus_faecalis Ent
erococcus_faecium

Overfull \hbox (50.48096pt too wide) in paragraph at lines 146--147
\T1/zi4/m/n/10 Enterococcus_galllinarum Enterococcus_maloratus Escherichia coli
 Francisella tularensis

Overfull \hbox (57.48096pt too wide) in paragraph at lines 146--147
\T1/zi4/m/n/10 Fusobacterium_nucleatum Gardnerella_vaginalis Haemophilus_ducrey
i Haemophilus_influenzae

Overfull \hbox (67.48096pt too wide) in paragraph at lines 146--147
\T1/zi4/m/n/10 Haemophilus_parainfluenzae Haemophilus_pertussis Haemophilus_vag
inalis Helicobacter_pylori

Overfull \hbox (77.48096pt too wide) in paragraph at lines 146--147
\T1/zi4/m/n/10 Klebsiella_pneumoniae Lactobacillus_Bulgaricus Lactobacillus_aci
dophilus Lactobacillus_casei

Overfull \hbox (77.48096pt too wide) in paragraph at lines 146--147
\T1/zi4/m/n/10 Lactococcus_lactis Legionella_pneumophila Listeria_monocytogenes
 Methanobacterium_extroquens

Overfull \hbox (17.48096pt too wide) in paragraph at lines 146--147
\T1/zi4/m/n/10 Microbacterium_multiforme Micrococcus_luteus Moraxella_catarrhal
is Mycobacterium

Overfull \hbox (87.48096pt too wide) in paragraph at lines 146--147
\T1/zi4/m/n/10 Mycobacterium_avium Mycobacterium_bovis Mycobacterium_diphtheria
e Mycobacterium_intracellulare

Overfull \hbox (72.48096pt too wide) in paragraph at lines 146--147
\T1/zi4/m/n/10 Mycobacterium_leprae Mycobacterium_lepraemurium Mycobacterium_ph
lei Mycobacterium_smegmatis

Overfull \hbox (62.48096pt too wide) in paragraph at lines 146--147
\T1/zi4/m/n/10 Mycobacterium_tuberculosis Mycoplasma_fermentans Mycoplasma_geni
talium Mycoplasma_hominis

Overfull \hbox (52.48096pt too wide) in paragraph at lines 146--147
\T1/zi4/m/n/10 Mycoplasma_penetrans Mycoplasma_pneumoniae Neisseria_gonorrhoeae
 Neisseria_meningitidis

Overfull \hbox (57.48096pt too wide) in paragraph at lines 146--147
\T1/zi4/m/n/10 Pasteurella_multocida Pasteurella_tularensis Peptostreptococcus 
Porphyromonas_gingivalis

Overfull \hbox (47.48096pt too wide) in paragraph at lines 146--147
\T1/zi4/m/n/10 Pseudomonas_aeruginosa Rhizobium_radiobacter Rickettsia_prowazek
ii Rickettsia_psittaci

Overfull \hbox (89.38098pt too wide) in paragraph at lines 146--147
\T1/zi4/m/n/10 Rickettsia_quintana Rickettsia_rickettsii Rickettsia_trachomae R
ochalimaea Rochalimaea_henselae

Overfull \hbox (17.48096pt too wide) in paragraph at lines 146--147
\T1/zi4/m/n/10 Rochalimaea_quintana Rothia_dentocariosa Salmonella_enteritidis 
Salmonella_typhi

Overfull \hbox (42.48096pt too wide) in paragraph at lines 146--147
\T1/zi4/m/n/10 Salmonella_typhimurium Serratia_marcescens Shigella_dysenteriae 
Staphylococcus_aureus

Overfull \hbox (20.58093pt too wide) in paragraph at lines 146--147
\T1/zi4/m/n/10 Staphylococcus_epidermidis Stenotrophomonas_maltophilia Streptoc
occus_agalactiae

Overfull \hbox (37.48096pt too wide) in paragraph at lines 146--147
\T1/zi4/m/n/10 Streptococcus_avium Streptococcus_bovis Streptococcus_cricetus S
treptococcus_faceium

Overfull \hbox (57.48096pt too wide) in paragraph at lines 146--147
\T1/zi4/m/n/10 Streptococcus_faecalis Streptococcus_ferus Streptococcus_gallina
rum Streptococcus_lactis

Overfull \hbox (27.48096pt too wide) in paragraph at lines 146--147
\T1/zi4/m/n/10 Streptococcus_mitior Streptococcus_mitis Streptococcus_mutans St
reptococcus_oralis

Overfull \hbox (82.48096pt too wide) in paragraph at lines 146--147
\T1/zi4/m/n/10 Streptococcus_pneumoniae Streptococcus_pyogenes Streptococcus_ra
ttus Streptococcus_salivarius

Overfull \hbox (32.48096pt too wide) in paragraph at lines 146--147
\T1/zi4/m/n/10 Streptococcus_sanguis Streptococcus_sobrinus Treponema_denticola
 Treponema_pallidum

Overfull \hbox (14.38098pt too wide) in paragraph at lines 146--147
\T1/zi4/m/n/10 Vibrio_cholerae Vibrio_comma Vibrio_parahaemolyticus Vibrio_vuln
ificus Wolbachia
[4] (/usr/local/texlive/2015/texmf-dist/tex/latex/base/utf8.def) [5] [6]
(/usr/local/texlive/2015/texmf-dist/tex/latex/base/utf8.def)
(/usr/local/texlive/2015/texmf-dist/tex/latex/base/utf8.def) [7]
Overfull \hbox (50.7762pt too wide) in paragraph at lines 300--301
[]\T1/ptm/m/n/10 list of mod-els; each model is writ-ten as a func-tion: func-t
ion(x, params) { with(as.list(params),
[8] [9]
Overfull \hbox (30.48093pt too wide) in paragraph at lines 406--406
 []\T1/zi4/m/n/9 testmeta[[1]] <- matrix(c(0.9451638, 0.007428265, 0.9938149, 1
.0147441, 0.009543598, 0.9870419),[] 

Overfull \hbox (25.98108pt too wide) in paragraph at lines 407--407
 []                        \T1/zi4/m/n/9 nrow=2, byrow=TRUE, dimnames=list(c(),
 c("a1", "a2", "a3"))) # Example seeds[] 
(/usr/local/texlive/2015/texmf-dist/tex/latex/inconsolata/ts1zi4.fd) [10]
(/usr/local/texlive/2015/texmf-dist/tex/latex/base/utf8.def)
(/usr/local/texlive/2015/texmf-dist/tex/latex/base/utf8.def) [11]
Overfull \hbox (5.66774pt too wide) in paragraph at lines 529--530
[]\T1/ptm/m/n/10 maximum rar-efac-tion data x-axis value. De-fault is length of
 the sam-ple \T1/zi4/m/n/10 mainsamp\T1/ptm/m/n/10 . 
[12] (/usr/local/texlive/2015/texmf-dist/tex/latex/base/utf8.def) [13] [14]
(/usr/local/texlive/2015/texmf-dist/tex/latex/base/utf8.def) [15]
Overfull \hbox (3.68637pt too wide) in paragraph at lines 727--728
[]\T1/ptm/m/n/10 Each model is writ-ten as a func-tion: func-tion(x, params) wi
th(as.list(params), <\T1/ptm/m/it/10 func-tion of params\T1/ptm/m/n/10 >).
(/usr/local/texlive/2015/texmf-dist/tex/latex/base/utf8.def) [16]
(/usr/local/texlive/2015/texmf-dist/tex/latex/base/utf8.def) [17]
(/usr/local/texlive/2015/texmf-dist/tex/latex/base/utf8.def) [18]
(/usr/local/texlive/2015/texmf-dist/tex/latex/base/utf8.def) [19]
Overfull \hbox (7.98093pt too wide) in paragraph at lines 941--941
 []\T1/zi4/m/n/9 testmeta <- matrix(c(0.9451638, 0.007428265, 0.9938149, 1.0147
441, 0.009543598, 0.9870419),[] 

Overfull \hbox (25.98108pt too wide) in paragraph at lines 942--942
 []                        \T1/zi4/m/n/9 nrow=2, byrow=TRUE, dimnames=list(c(),
 c("a1", "a2", "a3"))) # Example seeds[] 
[20] (./Rd2.ind [21]

LaTeX Font Warning: Font shape `T1/zi4/m/it' undefined
(Font)              using `T1/zi4/m/n' instead on input line 23.

[22]) (./Rd2.aux)

Package rerunfilecheck Warning: File `Rd2.out' has changed.
(rerunfilecheck)                Rerun to get outlines right
(rerunfilecheck)                or use package `bookmark'.


LaTeX Font Warning: Some font shapes were not available, defaults substituted.

 )
(see the transcript file for additional information)pdfTeX warning (dest): name
{Rfn.modFit} has been referenced but does not exist, replaced by a fixed one

{/usr/local/texlive/2015/texmf-dist/fonts/enc/dvips/inconsolata/i4-ts1.enc}{/us
r/local/texlive/2015/texmf-dist/fonts/enc/dvips/base/8r.enc}{/usr/local/texlive
/2015/texmf-dist/fonts/enc/dvips/inconsolata/i4-t1-0.enc}</usr/local/texlive/20
15/texmf-dist/fonts/type1/public/inconsolata/Inconsolata-zi4r.pfb></usr/local/t
exlive/2015/texmf-dist/fonts/type1/public/amsfonts/cm/cmmi10.pfb></usr/local/te
xlive/2015/texmf-dist/fonts/type1/public/amsfonts/cm/cmr10.pfb></usr/local/texl
ive/2015/texmf-dist/fonts/type1/public/amsfonts/cm/cmsy10.pfb></usr/local/texli
ve/2015/texmf-dist/fonts/type1/public/amsfonts/cm/cmsy7.pfb></usr/local/texlive
/2015/texmf-dist/fonts/type1/urw/helvetic/uhvr8a.pfb></usr/local/texlive/2015/t
exmf-dist/fonts/type1/urw/times/utmb8a.pfb></usr/local/texlive/2015/texmf-dist/
fonts/type1/urw/times/utmr8a.pfb></usr/local/texlive/2015/texmf-dist/fonts/type
1/urw/times/utmr8a.pfb></usr/local/texlive/2015/texmf-dist/fonts/type1/urw/time
s/utmri8a.pfb>
Output written on Rd2.pdf (22 pages, 157742 bytes).
Transcript written on Rd2.log.
This is makeindex, version 2.15 [TeX Live 2015] (kpathsea + Thai support).
Scanning input file Rd2.idx....done (53 entries accepted, 0 rejected).
Sorting entries....done (311 comparisons).
Generating output file Rd2.ind....done (89 lines written, 0 warnings).
Output written in Rd2.ind.
Transcript written in Rd2.ilg.
This is pdfTeX, Version 3.14159265-2.6-1.40.16 (TeX Live 2015) (preloaded format=pdflatex)
 restricted \write18 enabled.
entering extended mode
LaTeX2e <2015/01/01>
Babel <3.9l> and hyphenation patterns for 79 languages loaded.
(./Rd2.tex
(/usr/local/texlive/2015/texmf-dist/tex/latex/base/book.cls
Document Class: book 2014/09/29 v1.4h Standard LaTeX document class
(/usr/local/texlive/2015/texmf-dist/tex/latex/base/bk10.clo))
(/Library/Frameworks/R.framework/Resources/share/texmf/tex/latex/Rd.sty
(/usr/local/texlive/2015/texmf-dist/tex/latex/base/ifthen.sty)
(/usr/local/texlive/2015/texmf-dist/tex/latex/tools/longtable.sty)
(/usr/local/texlive/2015/texmf-dist/tex/latex/tools/bm.sty)
(/usr/local/texlive/2015/texmf-dist/tex/latex/base/alltt.sty)
(/usr/local/texlive/2015/texmf-dist/tex/latex/tools/verbatim.sty)
(/usr/local/texlive/2015/texmf-dist/tex/latex/url/url.sty)
(/usr/local/texlive/2015/texmf-dist/tex/latex/base/textcomp.sty
(/usr/local/texlive/2015/texmf-dist/tex/latex/base/ts1enc.def))
(/usr/local/texlive/2015/texmf-dist/tex/latex/base/fontenc.sty
(/usr/local/texlive/2015/texmf-dist/tex/latex/base/t1enc.def))
(/usr/local/texlive/2015/texmf-dist/tex/latex/psnfss/times.sty)
(/usr/local/texlive/2015/texmf-dist/tex/latex/inconsolata/zi4.sty
`inconsolata-zi4' v1.05, 2014/06/22 Text macros for Inconsolata (msharpe)
(/usr/local/texlive/2015/texmf-dist/tex/latex/graphics/keyval.sty))
(/usr/local/texlive/2015/texmf-dist/tex/latex/graphics/color.sty
(/usr/local/texlive/2015/texmf-dist/tex/latex/latexconfig/color.cfg)
(/usr/local/texlive/2015/texmf-dist/tex/latex/pdftex-def/pdftex.def
(/usr/local/texlive/2015/texmf-dist/tex/generic/oberdiek/infwarerr.sty)
(/usr/local/texlive/2015/texmf-dist/tex/generic/oberdiek/ltxcmds.sty)))
(/usr/local/texlive/2015/texmf-dist/tex/latex/hyperref/hyperref.sty
(/usr/local/texlive/2015/texmf-dist/tex/generic/oberdiek/hobsub-hyperref.sty
(/usr/local/texlive/2015/texmf-dist/tex/generic/oberdiek/hobsub-generic.sty))
(/usr/local/texlive/2015/texmf-dist/tex/generic/ifxetex/ifxetex.sty)
(/usr/local/texlive/2015/texmf-dist/tex/latex/oberdiek/auxhook.sty)
(/usr/local/texlive/2015/texmf-dist/tex/latex/oberdiek/kvoptions.sty)
(/usr/local/texlive/2015/texmf-dist/tex/latex/hyperref/pd1enc.def)
(/usr/local/texlive/2015/texmf-dist/tex/latex/latexconfig/hyperref.cfg))

Package hyperref Message: Driver (autodetected): hpdftex.

(/usr/local/texlive/2015/texmf-dist/tex/latex/hyperref/hpdftex.def
(/usr/local/texlive/2015/texmf-dist/tex/latex/oberdiek/rerunfilecheck.sty))

Package hyperref Warning: Option `hyperindex' has already been used,
(hyperref)                setting the option has no effect on input line 366.


Package hyperref Warning: Option `pagebackref' has already been used,
(hyperref)                setting the option has no effect on input line 366.

) (/usr/local/texlive/2015/texmf-dist/tex/latex/base/makeidx.sty)
(/usr/local/texlive/2015/texmf-dist/tex/latex/base/inputenc.sty
(/usr/local/texlive/2015/texmf-dist/tex/latex/base/utf8.def
(/usr/local/texlive/2015/texmf-dist/tex/latex/base/t1enc.dfu)
(/usr/local/texlive/2015/texmf-dist/tex/latex/base/ot1enc.dfu)
(/usr/local/texlive/2015/texmf-dist/tex/latex/base/omsenc.dfu)
(/usr/local/texlive/2015/texmf-dist/tex/latex/base/ts1enc.dfu))
(/usr/local/texlive/2015/texmf-dist/tex/latex/base/latin1.def))
Writing index file Rd2.idx
(./Rd2.aux) (/usr/local/texlive/2015/texmf-dist/tex/latex/base/ts1cmr.fd)
(/usr/local/texlive/2015/texmf-dist/tex/latex/psnfss/t1ptm.fd)
(/usr/local/texlive/2015/texmf-dist/tex/context/base/supp-pdf.mkii
[Loading MPS to PDF converter (version 2006.09.02).]
) (/usr/local/texlive/2015/texmf-dist/tex/latex/hyperref/nameref.sty
(/usr/local/texlive/2015/texmf-dist/tex/generic/oberdiek/gettitlestring.sty))
(./Rd2.out) (./Rd2.out)
(/usr/local/texlive/2015/texmf-dist/tex/latex/inconsolata/t1zi4.fd)
(/usr/local/texlive/2015/texmf-dist/tex/latex/psnfss/ts1ptm.fd)
(/usr/local/texlive/2015/texmf-dist/tex/latex/psnfss/t1phv.fd) (./Rd2.toc)
(/usr/local/texlive/2015/texmf-dist/tex/latex/base/utf8.def) [1{/usr/local/texl
ive/2015/texmf-var/fonts/map/pdftex/updmap/pdftex.map}]
Overfull \hbox (41.44608pt too wide) in paragraph at lines 43--44
\T1/ptm/m/n/10 func-tions make ex-ten-sive use of the R-package \T1/ptm/m/it/10
 FME \T1/ptm/m/n/10 (http://cran.r-project.org/web/packages/FME/index.html) 
[2] [3]
Overfull \hbox (1.70712pt too wide) in paragraph at lines 103--104
[]\T1/ptm/m/n/10 Daniel J. Lay-don, Sec-tion of Im-munol-ogy, Di-vi-sion of In-
fec-tious Dis-eases, De-part-ment of Medicine,
(/usr/local/texlive/2015/texmf-dist/tex/latex/base/utf8.def)
Overfull \hbox (49.55008pt too wide) in paragraph at lines 146--147
[]\T1/ptm/m/n/10 a fac-tor with lev-els \T1/zi4/m/n/10 Acetobacter_aurantius Ac
inetobacter_baumannii Actinomyces_israelii

Overfull \hbox (47.48096pt too wide) in paragraph at lines 146--147
\T1/zi4/m/n/10 Agrobacterium_radiobacter Agrobacterium_tumefaciens Anaplasma Az
orhizobium_caulinodans

Overfull \hbox (79.38098pt too wide) in paragraph at lines 146--147
\T1/zi4/m/n/10 Azotobacter_vinelandii Bacillus_anthracis Bacillus_brevis Bacill
us_cereus Bacillus_fusiformis

Overfull \hbox (57.48096pt too wide) in paragraph at lines 146--147
\T1/zi4/m/n/10 Bacillus_licheniformis Bacillus_megaterium Bacillus_mycoides Bac
illus_stearothermophilus

Overfull \hbox (62.48096pt too wide) in paragraph at lines 146--147
\T1/zi4/m/n/10 Bacillus_subtilis Bacteroides_fragilis Bacteroides_gingivalis Ba
cteroides_melaninogenicus

Overfull \hbox (47.48096pt too wide) in paragraph at lines 146--147
\T1/zi4/m/n/10 Bartonella_henselae Bartonella_quintana Bordetella_bronchiseptic
a Bordetella_pertussis

Overfull \hbox (74.38098pt too wide) in paragraph at lines 146--147
\T1/zi4/m/n/10 Borrelia_burgdorferi Brucella_abortus Brucella_melitensis Brucel
la_suis Burkholderia_cepacia

Overfull \hbox (5.58093pt too wide) in paragraph at lines 146--147
\T1/zi4/m/n/10 Burkholderia_mallei Burkholderia_pseudomallei Calymmatobacterium
_granulomatis

Overfull \hbox (17.48096pt too wide) in paragraph at lines 146--147
\T1/zi4/m/n/10 Campylobacter_coli Campylobacter_fetus Campylobacter_jejuni Camp
ylobacter_pylori

Overfull \hbox (72.48096pt too wide) in paragraph at lines 146--147
\T1/zi4/m/n/10 Chlamydia_trachomatis Chlamydophila_pneumoniae Chlamydophila_psi
ttaci Clostridium_botulinum

Overfull \hbox (77.48096pt too wide) in paragraph at lines 146--147
\T1/zi4/m/n/10 Clostridium_difficile Clostridium_perfringens Clostridium_tetani
 Corynebacterium_diphtheriae

Overfull \hbox (47.48096pt too wide) in paragraph at lines 146--147
\T1/zi4/m/n/10 Corynebacterium_fusiforme Coxiella_burnetii Ehrlichia_chaffeensi
s Enterobacter_cloacae

Overfull \hbox (22.48096pt too wide) in paragraph at lines 146--147
\T1/zi4/m/n/10 Enterococcus_avium Enterococcus_durans Enterococcus_faecalis Ent
erococcus_faecium

Overfull \hbox (50.48096pt too wide) in paragraph at lines 146--147
\T1/zi4/m/n/10 Enterococcus_galllinarum Enterococcus_maloratus Escherichia coli
 Francisella tularensis

Overfull \hbox (57.48096pt too wide) in paragraph at lines 146--147
\T1/zi4/m/n/10 Fusobacterium_nucleatum Gardnerella_vaginalis Haemophilus_ducrey
i Haemophilus_influenzae

Overfull \hbox (67.48096pt too wide) in paragraph at lines 146--147
\T1/zi4/m/n/10 Haemophilus_parainfluenzae Haemophilus_pertussis Haemophilus_vag
inalis Helicobacter_pylori

Overfull \hbox (77.48096pt too wide) in paragraph at lines 146--147
\T1/zi4/m/n/10 Klebsiella_pneumoniae Lactobacillus_Bulgaricus Lactobacillus_aci
dophilus Lactobacillus_casei

Overfull \hbox (77.48096pt too wide) in paragraph at lines 146--147
\T1/zi4/m/n/10 Lactococcus_lactis Legionella_pneumophila Listeria_monocytogenes
 Methanobacterium_extroquens

Overfull \hbox (17.48096pt too wide) in paragraph at lines 146--147
\T1/zi4/m/n/10 Microbacterium_multiforme Micrococcus_luteus Moraxella_catarrhal
is Mycobacterium

Overfull \hbox (87.48096pt too wide) in paragraph at lines 146--147
\T1/zi4/m/n/10 Mycobacterium_avium Mycobacterium_bovis Mycobacterium_diphtheria
e Mycobacterium_intracellulare

Overfull \hbox (72.48096pt too wide) in paragraph at lines 146--147
\T1/zi4/m/n/10 Mycobacterium_leprae Mycobacterium_lepraemurium Mycobacterium_ph
lei Mycobacterium_smegmatis

Overfull \hbox (62.48096pt too wide) in paragraph at lines 146--147
\T1/zi4/m/n/10 Mycobacterium_tuberculosis Mycoplasma_fermentans Mycoplasma_geni
talium Mycoplasma_hominis

Overfull \hbox (52.48096pt too wide) in paragraph at lines 146--147
\T1/zi4/m/n/10 Mycoplasma_penetrans Mycoplasma_pneumoniae Neisseria_gonorrhoeae
 Neisseria_meningitidis

Overfull \hbox (57.48096pt too wide) in paragraph at lines 146--147
\T1/zi4/m/n/10 Pasteurella_multocida Pasteurella_tularensis Peptostreptococcus 
Porphyromonas_gingivalis

Overfull \hbox (47.48096pt too wide) in paragraph at lines 146--147
\T1/zi4/m/n/10 Pseudomonas_aeruginosa Rhizobium_radiobacter Rickettsia_prowazek
ii Rickettsia_psittaci

Overfull \hbox (89.38098pt too wide) in paragraph at lines 146--147
\T1/zi4/m/n/10 Rickettsia_quintana Rickettsia_rickettsii Rickettsia_trachomae R
ochalimaea Rochalimaea_henselae

Overfull \hbox (17.48096pt too wide) in paragraph at lines 146--147
\T1/zi4/m/n/10 Rochalimaea_quintana Rothia_dentocariosa Salmonella_enteritidis 
Salmonella_typhi

Overfull \hbox (42.48096pt too wide) in paragraph at lines 146--147
\T1/zi4/m/n/10 Salmonella_typhimurium Serratia_marcescens Shigella_dysenteriae 
Staphylococcus_aureus

Overfull \hbox (20.58093pt too wide) in paragraph at lines 146--147
\T1/zi4/m/n/10 Staphylococcus_epidermidis Stenotrophomonas_maltophilia Streptoc
occus_agalactiae

Overfull \hbox (37.48096pt too wide) in paragraph at lines 146--147
\T1/zi4/m/n/10 Streptococcus_avium Streptococcus_bovis Streptococcus_cricetus S
treptococcus_faceium

Overfull \hbox (57.48096pt too wide) in paragraph at lines 146--147
\T1/zi4/m/n/10 Streptococcus_faecalis Streptococcus_ferus Streptococcus_gallina
rum Streptococcus_lactis

Overfull \hbox (27.48096pt too wide) in paragraph at lines 146--147
\T1/zi4/m/n/10 Streptococcus_mitior Streptococcus_mitis Streptococcus_mutans St
reptococcus_oralis

Overfull \hbox (82.48096pt too wide) in paragraph at lines 146--147
\T1/zi4/m/n/10 Streptococcus_pneumoniae Streptococcus_pyogenes Streptococcus_ra
ttus Streptococcus_salivarius

Overfull \hbox (32.48096pt too wide) in paragraph at lines 146--147
\T1/zi4/m/n/10 Streptococcus_sanguis Streptococcus_sobrinus Treponema_denticola
 Treponema_pallidum

Overfull \hbox (14.38098pt too wide) in paragraph at lines 146--147
\T1/zi4/m/n/10 Vibrio_cholerae Vibrio_comma Vibrio_parahaemolyticus Vibrio_vuln
ificus Wolbachia
[4] (/usr/local/texlive/2015/texmf-dist/tex/latex/base/utf8.def) [5] [6]
(/usr/local/texlive/2015/texmf-dist/tex/latex/base/utf8.def)
(/usr/local/texlive/2015/texmf-dist/tex/latex/base/utf8.def) [7]
Overfull \hbox (50.7762pt too wide) in paragraph at lines 300--301
[]\T1/ptm/m/n/10 list of mod-els; each model is writ-ten as a func-tion: func-t
ion(x, params) { with(as.list(params),
[8] [9]
Overfull \hbox (30.48093pt too wide) in paragraph at lines 406--406
 []\T1/zi4/m/n/9 testmeta[[1]] <- matrix(c(0.9451638, 0.007428265, 0.9938149, 1
.0147441, 0.009543598, 0.9870419),[] 

Overfull \hbox (25.98108pt too wide) in paragraph at lines 407--407
 []                        \T1/zi4/m/n/9 nrow=2, byrow=TRUE, dimnames=list(c(),
 c("a1", "a2", "a3"))) # Example seeds[] 
(/usr/local/texlive/2015/texmf-dist/tex/latex/inconsolata/ts1zi4.fd) [10]
(/usr/local/texlive/2015/texmf-dist/tex/latex/base/utf8.def)
(/usr/local/texlive/2015/texmf-dist/tex/latex/base/utf8.def) [11]
Overfull \hbox (5.66774pt too wide) in paragraph at lines 529--530
[]\T1/ptm/m/n/10 maximum rar-efac-tion data x-axis value. De-fault is length of
 the sam-ple \T1/zi4/m/n/10 mainsamp\T1/ptm/m/n/10 . 
[12] (/usr/local/texlive/2015/texmf-dist/tex/latex/base/utf8.def) [13] [14]
(/usr/local/texlive/2015/texmf-dist/tex/latex/base/utf8.def) [15]
Overfull \hbox (3.68637pt too wide) in paragraph at lines 727--728
[]\T1/ptm/m/n/10 Each model is writ-ten as a func-tion: func-tion(x, params) wi
th(as.list(params), <\T1/ptm/m/it/10 func-tion of params\T1/ptm/m/n/10 >).
(/usr/local/texlive/2015/texmf-dist/tex/latex/base/utf8.def) [16]
(/usr/local/texlive/2015/texmf-dist/tex/latex/base/utf8.def) [17]
(/usr/local/texlive/2015/texmf-dist/tex/latex/base/utf8.def) [18]
(/usr/local/texlive/2015/texmf-dist/tex/latex/base/utf8.def) [19]
Overfull \hbox (7.98093pt too wide) in paragraph at lines 941--941
 []\T1/zi4/m/n/9 testmeta <- matrix(c(0.9451638, 0.007428265, 0.9938149, 1.0147
441, 0.009543598, 0.9870419),[] 

Overfull \hbox (25.98108pt too wide) in paragraph at lines 942--942
 []                        \T1/zi4/m/n/9 nrow=2, byrow=TRUE, dimnames=list(c(),
 c("a1", "a2", "a3"))) # Example seeds[] 
[20] (./Rd2.ind [21]

LaTeX Font Warning: Font shape `T1/zi4/m/it' undefined
(Font)              using `T1/zi4/m/n' instead on input line 23.

[22]) (./Rd2.aux)

LaTeX Font Warning: Some font shapes were not available, defaults substituted.

 )
(see the transcript file for additional information)pdfTeX warning (dest): name
{Rfn.modFit} has been referenced but does not exist, replaced by a fixed one

{/usr/local/texlive/2015/texmf-dist/fonts/enc/dvips/inconsolata/i4-ts1.enc}{/us
r/local/texlive/2015/texmf-dist/fonts/enc/dvips/base/8r.enc}{/usr/local/texlive
/2015/texmf-dist/fonts/enc/dvips/inconsolata/i4-t1-0.enc}</usr/local/texlive/20
15/texmf-dist/fonts/type1/public/inconsolata/Inconsolata-zi4r.pfb></usr/local/t
exlive/2015/texmf-dist/fonts/type1/public/amsfonts/cm/cmmi10.pfb></usr/local/te
xlive/2015/texmf-dist/fonts/type1/public/amsfonts/cm/cmr10.pfb></usr/local/texl
ive/2015/texmf-dist/fonts/type1/public/amsfonts/cm/cmsy10.pfb></usr/local/texli
ve/2015/texmf-dist/fonts/type1/public/amsfonts/cm/cmsy7.pfb></usr/local/texlive
/2015/texmf-dist/fonts/type1/urw/helvetic/uhvr8a.pfb></usr/local/texlive/2015/t
exmf-dist/fonts/type1/urw/times/utmb8a.pfb></usr/local/texlive/2015/texmf-dist/
fonts/type1/urw/times/utmr8a.pfb></usr/local/texlive/2015/texmf-dist/fonts/type
1/urw/times/utmr8a.pfb></usr/local/texlive/2015/texmf-dist/fonts/type1/urw/time
s/utmri8a.pfb>
Output written on Rd2.pdf (22 pages, 157720 bytes).
Transcript written on Rd2.log.
Saving output to 'DivE-manual.pdf' ...
Done
You may want to clean up by 'rm -rf /var/folders/g1/vr0k91z525q95kfpf3lf_6sc0000gp/T//RtmpnRlBuw/Rd2pdf9bc3209140cd'
